PowerPlay Early Power Estimator File Generator report for problema1
Mon Jun 17 04:16:01 2019
Quartus II 64-Bit Version 13.1.0 Build 162 10/23/2013 SJ Web Edition


---------------------
; Table of Contents ;
---------------------
  1. Legal Notice
  2. Parallel Compilation
  3. PowerPlay Early Power Estimator File Generator Summary
  4. PowerPlay Early Power Estimator File Generator Settings
  5. Indeterminate Toggle Rates
  6. PowerPlay Early Power Estimator File Generator Generated Files
  7. Confidence Metric Details
  8. Signal Activities
  9. PowerPlay Early Power Estimator File Generator Messages



----------------
; Legal Notice ;
----------------
Copyright (C) 1991-2013 Altera Corporation
Your use of Altera Corporation's design tools, logic functions 
and other software and tools, and its AMPP partner logic 
functions, and any output files from any of the foregoing 
(including device programming or simulation files), and any 
associated documentation or information are expressly subject 
to the terms and conditions of the Altera Program License 
Subscription Agreement, Altera MegaCore Function License 
Agreement, or other applicable license agreement, including, 
without limitation, that your use is for the sole purpose of 
programming logic devices manufactured by Altera and sold by 
Altera or its authorized distributors.  Please refer to the 
applicable agreement for further details.



+------------------------------------------+
; Parallel Compilation                     ;
+----------------------------+-------------+
; Processors                 ; Number      ;
+----------------------------+-------------+
; Number detected on machine ; 4           ;
; Maximum allowed            ; 2           ;
;                            ;             ;
; Average used               ; 1.00        ;
; Maximum used               ; 2           ;
;                            ;             ;
; Usage by Processor         ; % Time Used ;
;     Processor 1            ; 100.0%      ;
;     Processor 2            ; < 0.1%      ;
;     Processors 3-4         ;   0.0%      ;
+----------------------------+-------------+


+----------------------------------------------------------------------------------------------------------+
; PowerPlay Early Power Estimator File Generator Summary                                                   ;
+-------------------------------------------------------+--------------------------------------------------+
; PowerPlay Early Power Estimator File Generator Status ; Successful - Mon Jun 17 04:16:01 2019            ;
; Quartus II 64-Bit Version                             ; 13.1.0 Build 162 10/23/2013 SJ Web Edition       ;
; Revision Name                                         ; problema1                                        ;
; Top-level Entity Name                                 ; problema1                                        ;
; Family                                                ; Cyclone IV E                                     ;
; Device                                                ; EP4CE30F23C7                                     ;
; Power Estimation Confidence                           ; Low: user provided insufficient toggle rate data ;
+-------------------------------------------------------+--------------------------------------------------+


+------------------------------------------------------------------------------------------------------------------------------------+
; PowerPlay Early Power Estimator File Generator Settings                                                                            ;
+----------------------------------------------------------------------------+---------------------------------------+---------------+
; Option                                                                     ; Setting                               ; Default Value ;
+----------------------------------------------------------------------------+---------------------------------------+---------------+
; Use smart compilation                                                      ; Off                                   ; Off           ;
; Enable parallel Assembler and TimeQuest Timing Analyzer during compilation ; On                                    ; On            ;
; Enable compact report table                                                ; Off                                   ; Off           ;
; Preset Cooling Solution                                                    ; 23 MM HEAT SINK WITH 200 LFPM AIRFLOW ;               ;
; Board thermal model                                                        ; None (CONSERVATIVE)                   ;               ;
; Default Power Toggle Rate                                                  ; 12.5%                                 ; 12.5%         ;
; Default Power Input I/O Toggle Rate                                        ; 12.5%                                 ; 12.5%         ;
; Use vectorless estimation                                                  ; On                                    ; On            ;
; Use Input Files                                                            ; Off                                   ; Off           ;
; Filter Glitches in VCD File Reader                                         ; On                                    ; On            ;
; Power Analyzer Report Signal Activity                                      ; Off                                   ; Off           ;
; Power Analyzer Report Power Dissipation                                    ; Off                                   ; Off           ;
; Device Power Characteristics                                               ; TYPICAL                               ; TYPICAL       ;
; Automatically Compute Junction Temperature                                 ; On                                    ; On            ;
; Specified Junction Temperature                                             ; 25                                    ; 25            ;
; Ambient Temperature                                                        ; 25                                    ; 25            ;
; Use Custom Cooling Solution                                                ; Off                                   ; Off           ;
; Board Temperature                                                          ; 25                                    ; 25            ;
+----------------------------------------------------------------------------+---------------------------------------+---------------+


+-------------------------------------------------+
; Indeterminate Toggle Rates                      ;
+-------------------+-----------------------------+
; Node              ; Reason                      ;
+-------------------+-----------------------------+
; clk_clk           ; No valid clock domain found ;
; buttons_export[0] ; No valid clock domain found ;
; buttons_export[3] ; No valid clock domain found ;
; buttons_export[1] ; No valid clock domain found ;
; buttons_export[2] ; No valid clock domain found ;
; reset_reset_n     ; No valid clock domain found ;
+-------------------+-----------------------------+


+------------------------------------------------------------------------------------------+
; PowerPlay Early Power Estimator File Generator Generated Files                           ;
+----------------------------------------------------------------+-------------------------+
; Description                                                    ; Filename                ;
+----------------------------------------------------------------+-------------------------+
; Design summary for PowerPlay Early Power Estimator spreadsheet ; problema1_early_pwr.csv ;
+----------------------------------------------------------------+-------------------------+


+---------------------------------------------------------------------------------------------------------------------------------------------------+
; Confidence Metric Details                                                                                                                         ;
+----------------------------------------------------------------------------------------+--------------+------------+--------------+---------------+
; Data Source                                                                            ; Total        ; Pin        ; Registered   ; Combinational ;
+----------------------------------------------------------------------------------------+--------------+------------+--------------+---------------+
; Simulation (from file)                                                                 ;              ;            ;              ;               ;
;     -- Number of signals with Toggle Rate from Simulation                              ; 0 (0.0%)     ; 0 (0.0%)   ; 0 (0.0%)     ; 0 (0.0%)      ;
;     -- Number of signals with Static Probability from Simulation                       ; 0 (0.0%)     ; 0 (0.0%)   ; 0 (0.0%)     ; 0 (0.0%)      ;
;                                                                                        ;              ;            ;              ;               ;
; Node, entity or clock assignment                                                       ;              ;            ;              ;               ;
;     -- Number of signals with Toggle Rate from Node, entity or clock assignment        ; 1 (0.0%)     ; 1 (3.1%)   ; 0 (0.0%)     ; 0 (0.0%)      ;
;     -- Number of signals with Static Probability from Node, entity or clock assignment ; 1 (0.0%)     ; 1 (3.1%)   ; 0 (0.0%)     ; 0 (0.0%)      ;
;                                                                                        ;              ;            ;              ;               ;
; Vectorless estimation                                                                  ;              ;            ;              ;               ;
;     -- Number of signals with Toggle Rate from Vectorless estimation                   ; 3132 (99.6%) ; 20 (62.5%) ; 986 (100.0%) ; 2126 (100.0%) ;
;     -- Number of signals with Zero toggle rate, from Vectorless estimation             ; 141 (4.5%)   ; 3 (9.4%)   ; 65 (6.6%)    ; 73 (3.4%)     ;
;     -- Number of signals with Static Probability from Vectorless estimation            ; 3132 (99.6%) ; 20 (62.5%) ; 986 (100.0%) ; 2126 (100.0%) ;
;                                                                                        ;              ;            ;              ;               ;
; Default assignment                                                                     ;              ;            ;              ;               ;
;     -- Number of signals with Toggle Rate from Default assignment                      ; 2 (0.1%)     ; 2 (6.3%)   ; 0 (0.0%)     ; 0 (0.0%)      ;
;     -- Number of signals with Static Probability from Default assignment               ; 11 (0.3%)    ; 11 (34.4%) ; 0 (0.0%)     ; 0 (0.0%)      ;
;                                                                                        ;              ;            ;              ;               ;
; Assumed 0                                                                              ;              ;            ;              ;               ;
;     -- Number of signals with Toggle Rate assumed 0                                    ; 9 (0.3%)     ; 9 (28.1%)  ; 0 (0.0%)     ; 0 (0.0%)      ;
+----------------------------------------------------------------------------------------+--------------+------------+--------------+---------------+


+---------------------------------------------------------------------------------------------------------------------------------------------+
; Signal Activities                                                                                                                           ;
+--------+------+---------------------------------------------+-------------------------+--------------------+--------------------------------+
; Signal ; Type ; Toggle Rate (millions of transitions / sec) ; Toggle Rate Data Source ; Static Probability ; Static Probability Data Source ;
+--------+------+---------------------------------------------+-------------------------+--------------------+--------------------------------+
(1) The "Signal Activity" Table has been hidden. To show this table, please select the "Write signal activities to report file" option under "PowerPlay Power Analyzer Settings".


+---------------------------------------------------------+
; PowerPlay Early Power Estimator File Generator Messages ;
+---------------------------------------------------------+
Info: *******************************************************************
Info: Running Quartus II 64-Bit PowerPlay Early Power Estimator File Generator
    Info: Version 13.1.0 Build 162 10/23/2013 SJ Web Edition
    Info: Processing started: Mon Jun 17 04:15:58 2019
Info: Command: quartus_pow --read_settings_files=on --write_settings_files=off problema1 -c problema1 --estimate_power=off --output_epe=problema1_early_pwr.csv
Info (21077): Core supply voltage is 1.2V
Info (21077): Low junction temperature is 0 degrees C
Info (21077): High junction temperature is 85 degrees C
Info (332164): Evaluating HDL-embedded SDC commands
    Info (332165): Entity alt_jtag_atlantic
        Info (332166): set_false_path -from [get_registers {*|alt_jtag_atlantic:*|jupdate}] -to [get_registers {*|alt_jtag_atlantic:*|jupdate1*}] 
        Info (332166): set_false_path -from [get_registers {*|alt_jtag_atlantic:*|rdata[*]}] -to [get_registers {*|alt_jtag_atlantic*|td_shift[*]}]
        Info (332166): set_false_path -from [get_registers {*|alt_jtag_atlantic:*|rdata[*]}] -to [get_registers {*|alt_jtag_atlantic*|td_shift[*]}]
        Info (332166): set_false_path -from [get_registers {*|alt_jtag_atlantic:*|rdata[*]}] -to [get_registers {*|alt_jtag_atlantic*|td_shift[*]}]
        Info (332166): set_false_path -from [get_registers {*|alt_jtag_atlantic:*|rdata[*]}] -to [get_registers {*|alt_jtag_atlantic*|td_shift[*]}]
        Info (332166): set_false_path -from [get_registers {*|alt_jtag_atlantic:*|rdata[*]}] -to [get_registers {*|alt_jtag_atlantic*|td_shift[*]}]
        Info (332166): set_false_path -from [get_registers {*|alt_jtag_atlantic:*|rdata[*]}] -to [get_registers {*|alt_jtag_atlantic*|td_shift[*]}]
        Info (332166): set_false_path -from [get_registers {*|alt_jtag_atlantic:*|rdata[*]}] -to [get_registers {*|alt_jtag_atlantic*|td_shift[*]}]
        Info (332166): set_false_path -from [get_registers {*|alt_jtag_atlantic:*|rdata[*]}] -to [get_registers {*|alt_jtag_atlantic*|td_shift[*]}]
        Info (332166): set_false_path -from [get_registers {*|alt_jtag_atlantic:*|read}] -to [get_registers {*|alt_jtag_atlantic:*|read1*}] 
        Info (332166): set_false_path -from [get_registers {*|alt_jtag_atlantic:*|read_req}]
        Info (332166): set_false_path -from [get_registers {*|alt_jtag_atlantic:*|rvalid}] -to [get_registers {*|alt_jtag_atlantic*|td_shift[*]}]
        Info (332166): set_false_path -from [get_registers {*|t_dav}] -to [get_registers {*|alt_jtag_atlantic:*|tck_t_dav}]
        Info (332166): set_false_path -from [get_registers {*|alt_jtag_atlantic:*|user_saw_rvalid}] -to [get_registers {*|alt_jtag_atlantic:*|rvalid0*}]
        Info (332166): set_false_path -from [get_registers {*|alt_jtag_atlantic:*|wdata[*]}] -to [get_registers {*}]
        Info (332166): set_false_path -from [get_registers {*|alt_jtag_atlantic:*|wdata[*]}] -to [get_registers {*}]
        Info (332166): set_false_path -from [get_registers {*|alt_jtag_atlantic:*|wdata[*]}] -to [get_registers {*}]
        Info (332166): set_false_path -from [get_registers {*|alt_jtag_atlantic:*|wdata[*]}] -to [get_registers {*}]
        Info (332166): set_false_path -from [get_registers {*|alt_jtag_atlantic:*|wdata[*]}] -to [get_registers {*}]
        Info (332166): set_false_path -from [get_registers {*|alt_jtag_atlantic:*|wdata[*]}] -to [get_registers {*}]
        Info (332166): set_false_path -from [get_registers {*|alt_jtag_atlantic:*|wdata[*]}] -to [get_registers {*}]
        Info (332166): set_false_path -from [get_registers {*|alt_jtag_atlantic:*|wdata[*]}] -to [get_registers {*}]
        Info (332166): set_false_path -from [get_registers {*|alt_jtag_atlantic:*|write}] -to [get_registers {*|alt_jtag_atlantic:*|write1*}] 
        Info (332166): set_false_path -from [get_registers {*|alt_jtag_atlantic:*|write_stalled}] -to [get_registers {*|alt_jtag_atlantic:*|t_ena*}]
        Info (332166): set_false_path -from [get_registers {*|alt_jtag_atlantic:*|write_stalled}] -to [get_registers {*|alt_jtag_atlantic:*|t_pause*}]
        Info (332166): set_false_path -from [get_registers {*|alt_jtag_atlantic:*|write_valid}]
    Info (332165): Entity altera_std_synchronizer
        Info (332166): set_false_path -to [get_keepers {*altera_std_synchronizer:*|din_s1}]
    Info (332165): Entity sld_jtag_hub
        Info (332166): create_clock -name altera_reserved_tck [get_ports {altera_reserved_tck}] -period 10MHz   
        Info (332166): set_clock_groups -asynchronous -group {altera_reserved_tck}
Info (332104): Reading SDC File: 'problema1/synthesis/submodules/altera_reset_controller.sdc'
Info (332104): Reading SDC File: 'problema1/synthesis/submodules/problema1_processor.sdc'
Warning (332060): Node: clk_clk was determined to be a clock but was found without an associated clock assignment.
Critical Warning (332168): The following clock transfers have no clock uncertainty assignment. For more accurate results, apply clock uncertainty assignments or use the derive_clock_uncertainty command.
    Critical Warning (332169): From altera_reserved_tck (Rise) to altera_reserved_tck (Rise) (setup and hold)
    Critical Warning (332169): From altera_reserved_tck (Rise) to altera_reserved_tck (Fall) (setup and hold)
    Critical Warning (332169): From altera_reserved_tck (Fall) to altera_reserved_tck (Fall) (setup and hold)
Info (223000): Starting Vectorless Power Activity Estimation
Warning (222013): Relative toggle rates could not be calculated because no clock domain could be identified for some nodes
Info (223001): Completed Vectorless Power Activity Estimation
Info (218000): Using Advanced I/O Power to simulate I/O buffers with the specified board trace model
Info (214002): Created PowerPlay Early Power Estimation file "problema1_early_pwr.csv"
Info (215029): No power estimate will be produced.
Info (215049): Average toggle rate for this design is 0.237 millions of transitions / sec
Info: Quartus II 64-Bit PowerPlay Early Power Estimator File Generator was successful. 0 errors, 6 warnings
    Info: Peak virtual memory: 4682 megabytes
    Info: Processing ended: Mon Jun 17 04:16:02 2019
    Info: Elapsed time: 00:00:04
    Info: Total CPU time (on all processors): 00:00:03


